<?xml version="1.0" encoding="UTF-8"?>
<coverage generated="1579638658253" clover="3.2.0">
  <project timestamp="1579638658253" name="All files">
    <metrics statements="305" coveredstatements="305" conditionals="208" coveredconditionals="208" methods="17" coveredmethods="17" elements="530" coveredelements="530" complexity="0" loc="305" ncloc="305" packages="2" files="15" classes="15"/>
    <package name="src">
      <metrics statements="40" coveredstatements="40" conditionals="2" coveredconditionals="2" methods="1" coveredmethods="1"/>
      <file name="constants.ts" path="C:\DEVELOP\api\tfslib\src\constants.ts">
        <metrics statements="14" coveredstatements="14" conditionals="2" coveredconditionals="2" methods="1" coveredmethods="1"/>
        <line num="1" count="1" type="cond" truecount="2" falsecount="0"/>
        <line num="6" count="1" type="stmt"/>
        <line num="11" count="1" type="stmt"/>
        <line num="16" count="1" type="stmt"/>
        <line num="21" count="1" type="stmt"/>
        <line num="26" count="1" type="stmt"/>
        <line num="31" count="1" type="stmt"/>
        <line num="34" count="1" type="stmt"/>
        <line num="35" count="1" type="stmt"/>
        <line num="36" count="1" type="stmt"/>
        <line num="37" count="1" type="stmt"/>
        <line num="41" count="1" type="stmt"/>
        <line num="55" count="1" type="stmt"/>
        <line num="61" count="1" type="stmt"/>
      </file>
      <file name="index.ts" path="C:\DEVELOP\api\tfslib\src\index.ts">
        <metrics statements="26" coveredstatements="26" conditionals="0" coveredconditionals="0" methods="0" coveredmethods="0"/>
        <line num="1" count="1" type="stmt"/>
        <line num="2" count="1" type="stmt"/>
        <line num="3" count="1" type="stmt"/>
        <line num="4" count="1" type="stmt"/>
        <line num="5" count="1" type="stmt"/>
        <line num="6" count="1" type="stmt"/>
        <line num="7" count="1" type="stmt"/>
        <line num="8" count="1" type="stmt"/>
        <line num="9" count="1" type="stmt"/>
        <line num="10" count="1" type="stmt"/>
        <line num="11" count="1" type="stmt"/>
        <line num="12" count="1" type="stmt"/>
        <line num="13" count="1" type="stmt"/>
        <line num="15" count="1" type="stmt"/>
        <line num="16" count="1" type="stmt"/>
        <line num="17" count="1" type="stmt"/>
        <line num="18" count="1" type="stmt"/>
        <line num="19" count="1" type="stmt"/>
        <line num="20" count="1" type="stmt"/>
        <line num="21" count="1" type="stmt"/>
        <line num="22" count="1" type="stmt"/>
        <line num="23" count="1" type="stmt"/>
        <line num="24" count="1" type="stmt"/>
        <line num="25" count="1" type="stmt"/>
        <line num="26" count="1" type="stmt"/>
        <line num="27" count="1" type="stmt"/>
      </file>
    </package>
    <package name="src.core">
      <metrics statements="265" coveredstatements="265" conditionals="206" coveredconditionals="206" methods="16" coveredmethods="16"/>
      <file name="bisiesto.ts" path="C:\DEVELOP\api\tfslib\src\core\bisiesto.ts">
        <metrics statements="2" coveredstatements="2" conditionals="5" coveredconditionals="5" methods="1" coveredmethods="1"/>
        <line num="7" count="1" type="stmt"/>
        <line num="8" count="234" type="cond" truecount="5" falsecount="0"/>
      </file>
      <file name="diahabil.ts" path="C:\DEVELOP\api\tfslib\src\core\diahabil.ts">
        <metrics statements="20" coveredstatements="20" conditionals="15" coveredconditionals="15" methods="3" coveredmethods="3"/>
        <line num="1" count="1" type="stmt"/>
        <line num="2" count="1" type="stmt"/>
        <line num="3" count="1" type="stmt"/>
        <line num="4" count="1" type="stmt"/>
        <line num="10" count="1" type="stmt"/>
        <line num="12" count="77" type="stmt"/>
        <line num="13" count="77" type="cond" truecount="2" falsecount="0"/>
        <line num="15" count="70" type="stmt"/>
        <line num="16" count="70" type="stmt"/>
        <line num="17" count="70" type="stmt"/>
        <line num="20" count="70" type="cond" truecount="4" falsecount="0"/>
        <line num="21" count="28" type="stmt"/>
        <line num="24" count="70" type="stmt"/>
        <line num="26" count="70" type="stmt"/>
        <line num="27" count="700" type="cond" truecount="4" falsecount="0"/>
        <line num="28" count="13" type="stmt"/>
        <line num="32" count="70" type="stmt"/>
        <line num="33" count="140" type="cond" truecount="5" falsecount="0"/>
        <line num="34" count="2" type="stmt"/>
        <line num="38" count="70" type="stmt"/>
      </file>
      <file name="diahabilsiguiente.ts" path="C:\DEVELOP\api\tfslib\src\core\diahabilsiguiente.ts">
        <metrics statements="17" coveredstatements="17" conditionals="4" coveredconditionals="4" methods="1" coveredmethods="1"/>
        <line num="1" count="1" type="stmt"/>
        <line num="2" count="1" type="stmt"/>
        <line num="3" count="1" type="stmt"/>
        <line num="4" count="1" type="stmt"/>
        <line num="11" count="1" type="stmt"/>
        <line num="13" count="12" type="stmt"/>
        <line num="14" count="12" type="cond" truecount="2" falsecount="0"/>
        <line num="16" count="10" type="stmt"/>
        <line num="17" count="10" type="stmt"/>
        <line num="18" count="10" type="stmt"/>
        <line num="19" count="10" type="stmt"/>
        <line num="20" count="19" type="stmt"/>
        <line num="21" count="19" type="cond" truecount="2" falsecount="0"/>
        <line num="22" count="10" type="stmt"/>
        <line num="23" count="10" type="stmt"/>
        <line num="25" count="19" type="stmt"/>
        <line num="28" count="10" type="stmt"/>
      </file>
      <file name="disgregarfecha.ts" path="C:\DEVELOP\api\tfslib\src\core\disgregarfecha.ts">
        <metrics statements="22" coveredstatements="22" conditionals="5" coveredconditionals="5" methods="1" coveredmethods="1"/>
        <line num="1" count="1" type="stmt"/>
        <line num="2" count="1" type="stmt"/>
        <line num="9" count="1" type="stmt"/>
        <line num="12" count="697" type="stmt"/>
        <line num="15" count="697" type="stmt"/>
        <line num="19" count="292" type="stmt"/>
        <line num="20" count="292" type="stmt"/>
        <line num="23" count="71" type="stmt"/>
        <line num="24" count="71" type="stmt"/>
        <line num="27" count="45" type="stmt"/>
        <line num="28" count="45" type="stmt"/>
        <line num="29" count="45" type="stmt"/>
        <line num="30" count="45" type="stmt"/>
        <line num="33" count="55" type="stmt"/>
        <line num="34" count="55" type="stmt"/>
        <line num="35" count="55" type="stmt"/>
        <line num="37" count="55" type="stmt"/>
        <line num="40" count="234" type="stmt"/>
        <line num="41" count="234" type="stmt"/>
        <line num="42" count="234" type="stmt"/>
        <line num="43" count="234" type="stmt"/>
        <line num="46" count="697" type="stmt"/>
      </file>
      <file name="formatearfecha.ts" path="C:\DEVELOP\api\tfslib\src\core\formatearfecha.ts">
        <metrics statements="52" coveredstatements="52" conditionals="47" coveredconditionals="47" methods="1" coveredmethods="1"/>
        <line num="1" count="1" type="stmt"/>
        <line num="2" count="1" type="stmt"/>
        <line num="3" count="1" type="stmt"/>
        <line num="11" count="1" type="stmt"/>
        <line num="13" count="206" type="stmt"/>
        <line num="14" count="206" type="cond" truecount="2" falsecount="0"/>
        <line num="16" count="202" type="stmt"/>
        <line num="17" count="202" type="stmt"/>
        <line num="20" count="130" type="cond" truecount="2" falsecount="0"/>
        <line num="21" count="2" type="stmt"/>
        <line num="23" count="128" type="cond" truecount="2" falsecount="0"/>
        <line num="24" count="2" type="stmt"/>
        <line num="26" count="126" type="cond" truecount="2" falsecount="0"/>
        <line num="27" count="2" type="stmt"/>
        <line num="29" count="124" type="cond" truecount="2" falsecount="0"/>
        <line num="30" count="2" type="stmt"/>
        <line num="32" count="122" type="cond" truecount="2" falsecount="0"/>
        <line num="33" count="121" type="stmt"/>
        <line num="35" count="1" type="stmt"/>
        <line num="38" count="20" type="cond" truecount="2" falsecount="0"/>
        <line num="39" count="1" type="stmt"/>
        <line num="41" count="19" type="cond" truecount="2" falsecount="0"/>
        <line num="42" count="1" type="stmt"/>
        <line num="44" count="18" type="cond" truecount="2" falsecount="0"/>
        <line num="45" count="1" type="stmt"/>
        <line num="47" count="17" type="cond" truecount="2" falsecount="0"/>
        <line num="48" count="15" type="stmt"/>
        <line num="50" count="2" type="cond" truecount="2" falsecount="0"/>
        <line num="51" count="1" type="stmt"/>
        <line num="53" count="1" type="stmt"/>
        <line num="56" count="25" type="cond" truecount="2" falsecount="0"/>
        <line num="57" count="1" type="stmt"/>
        <line num="59" count="24" type="cond" truecount="2" falsecount="0"/>
        <line num="60" count="1" type="stmt"/>
        <line num="62" count="23" type="cond" truecount="2" falsecount="0"/>
        <line num="63" count="1" type="stmt"/>
        <line num="65" count="22" type="cond" truecount="2" falsecount="0"/>
        <line num="66" count="20" type="stmt"/>
        <line num="68" count="2" type="cond" truecount="2" falsecount="0"/>
        <line num="69" count="1" type="stmt"/>
        <line num="71" count="1" type="stmt"/>
        <line num="74" count="27" type="cond" truecount="2" falsecount="0"/>
        <line num="75" count="1" type="stmt"/>
        <line num="77" count="26" type="cond" truecount="2" falsecount="0"/>
        <line num="78" count="1" type="stmt"/>
        <line num="80" count="25" type="cond" truecount="2" falsecount="0"/>
        <line num="81" count="1" type="stmt"/>
        <line num="83" count="24" type="cond" truecount="2" falsecount="0"/>
        <line num="84" count="22" type="stmt"/>
        <line num="86" count="2" type="cond" truecount="2" falsecount="0"/>
        <line num="87" count="1" type="stmt"/>
        <line num="89" count="1" type="stmt"/>
      </file>
      <file name="getformatofecha.ts" path="C:\DEVELOP\api\tfslib\src\core\getformatofecha.ts">
        <metrics statements="20" coveredstatements="20" conditionals="52" coveredconditionals="52" methods="1" coveredmethods="1"/>
        <line num="1" count="1" type="stmt"/>
        <line num="2" count="1" type="stmt"/>
        <line num="9" count="1" type="stmt"/>
        <line num="12" count="1404" type="stmt"/>
        <line num="13" count="1404" type="stmt"/>
        <line num="14" count="1404" type="stmt"/>
        <line num="16" count="1404" type="cond" truecount="11" falsecount="0"/>
        <line num="18" count="638" type="stmt"/>
        <line num="19" count="766" type="cond" truecount="10" falsecount="0"/>
        <line num="21" count="332" type="stmt"/>
        <line num="24" count="434" type="cond" truecount="11" falsecount="0"/>
        <line num="25" count="160" type="stmt"/>
        <line num="28" count="274" type="cond" truecount="10" falsecount="0"/>
        <line num="29" count="103" type="stmt"/>
        <line num="32" count="171" type="stmt"/>
        <line num="33" count="171" type="stmt"/>
        <line num="34" count="171" type="stmt"/>
        <line num="35" count="171" type="cond" truecount="10" falsecount="0"/>
        <line num="36" count="129" type="stmt"/>
        <line num="39" count="42" type="stmt"/>
      </file>
      <file name="numeros.ts" path="C:\DEVELOP\api\tfslib\src\core\numeros.ts">
        <metrics statements="2" coveredstatements="2" conditionals="2" coveredconditionals="2" methods="1" coveredmethods="1"/>
        <line num="7" count="1" type="stmt"/>
        <line num="8" count="3839" type="cond" truecount="2" falsecount="0"/>
      </file>
      <file name="proximafecha.ts" path="C:\DEVELOP\api\tfslib\src\core\proximafecha.ts">
        <metrics statements="19" coveredstatements="19" conditionals="7" coveredconditionals="7" methods="1" coveredmethods="1"/>
        <line num="1" count="1" type="stmt"/>
        <line num="2" count="1" type="stmt"/>
        <line num="3" count="1" type="stmt"/>
        <line num="4" count="1" type="stmt"/>
        <line num="5" count="1" type="stmt"/>
        <line num="12" count="1" type="stmt"/>
        <line num="14" count="82" type="stmt"/>
        <line num="15" count="82" type="cond" truecount="2" falsecount="0"/>
        <line num="17" count="78" type="stmt"/>
        <line num="19" count="78" type="stmt"/>
        <line num="20" count="78" type="stmt"/>
        <line num="22" count="78" type="stmt"/>
        <line num="23" count="78" type="stmt"/>
        <line num="25" count="78" type="stmt"/>
        <line num="28" count="44" type="stmt"/>
        <line num="30" count="10" type="stmt"/>
        <line num="32" count="5" type="stmt"/>
        <line num="34" count="8" type="stmt"/>
        <line num="36" count="11" type="stmt"/>
      </file>
      <file name="proximafechahabil.ts" path="C:\DEVELOP\api\tfslib\src\core\proximafechahabil.ts">
        <metrics statements="16" coveredstatements="16" conditionals="6" coveredconditionals="6" methods="1" coveredmethods="1"/>
        <line num="1" count="1" type="stmt"/>
        <line num="2" count="1" type="stmt"/>
        <line num="3" count="1" type="stmt"/>
        <line num="4" count="1" type="stmt"/>
        <line num="12" count="1" type="stmt"/>
        <line num="14" count="17" type="cond" truecount="2" falsecount="0"/>
        <line num="16" count="14" type="stmt"/>
        <line num="17" count="14" type="stmt"/>
        <line num="18" count="14" type="stmt"/>
        <line num="19" count="14" type="stmt"/>
        <line num="20" count="43" type="stmt"/>
        <line num="21" count="43" type="cond" truecount="2" falsecount="0"/>
        <line num="22" count="22" type="stmt"/>
        <line num="24" count="43" type="cond" truecount="2" falsecount="0"/>
        <line num="25" count="14" type="stmt"/>
        <line num="27" count="29" type="stmt"/>
      </file>
      <file name="restarfechas.ts" path="C:\DEVELOP\api\tfslib\src\core\restarfechas.ts">
        <metrics statements="20" coveredstatements="20" conditionals="8" coveredconditionals="8" methods="1" coveredmethods="1"/>
        <line num="1" count="1" type="stmt"/>
        <line num="2" count="1" type="stmt"/>
        <line num="3" count="1" type="stmt"/>
        <line num="4" count="1" type="stmt"/>
        <line num="13" count="1" type="stmt"/>
        <line num="15" count="29" type="stmt"/>
        <line num="16" count="29" type="stmt"/>
        <line num="18" count="29" type="cond" truecount="2" falsecount="0"/>
        <line num="19" count="11" type="stmt"/>
        <line num="20" count="18" type="cond" truecount="2" falsecount="0"/>
        <line num="21" count="5" type="stmt"/>
        <line num="24" count="13" type="cond" truecount="2" falsecount="0"/>
        <line num="26" count="10" type="stmt"/>
        <line num="27" count="10" type="stmt"/>
        <line num="29" count="10" type="cond" truecount="2" falsecount="0"/>
        <line num="30" count="7" type="stmt"/>
        <line num="31" count="7" type="stmt"/>
        <line num="34" count="10" type="stmt"/>
        <line num="36" count="10" type="stmt"/>
        <line num="38" count="10" type="stmt"/>
      </file>
      <file name="sumarmeses.ts" path="C:\DEVELOP\api\tfslib\src\core\sumarmeses.ts">
        <metrics statements="19" coveredstatements="19" conditionals="7" coveredconditionals="7" methods="1" coveredmethods="1"/>
        <line num="1" count="1" type="stmt"/>
        <line num="2" count="1" type="stmt"/>
        <line num="3" count="1" type="stmt"/>
        <line num="4" count="1" type="stmt"/>
        <line num="5" count="1" type="stmt"/>
        <line num="13" count="1" type="stmt"/>
        <line num="15" count="16" type="cond" truecount="2" falsecount="0"/>
        <line num="17" count="11" type="stmt"/>
        <line num="18" count="11" type="stmt"/>
        <line num="20" count="11" type="stmt"/>
        <line num="21" count="11" type="stmt"/>
        <line num="23" count="11" type="stmt"/>
        <line num="24" count="11" type="stmt"/>
        <line num="25" count="11" type="stmt"/>
        <line num="28" count="7" type="stmt"/>
        <line num="30" count="1" type="stmt"/>
        <line num="32" count="1" type="stmt"/>
        <line num="34" count="1" type="stmt"/>
        <line num="36" count="1" type="stmt"/>
      </file>
      <file name="ultimodiames.ts" path="C:\DEVELOP\api\tfslib\src\core\ultimodiames.ts">
        <metrics statements="30" coveredstatements="30" conditionals="13" coveredconditionals="13" methods="1" coveredmethods="1"/>
        <line num="1" count="1" type="stmt"/>
        <line num="2" count="1" type="stmt"/>
        <line num="3" count="1" type="stmt"/>
        <line num="4" count="1" type="stmt"/>
        <line num="5" count="1" type="stmt"/>
        <line num="12" count="1" type="stmt"/>
        <line num="14" count="31" type="cond" truecount="2" falsecount="0"/>
        <line num="16" count="30" type="stmt"/>
        <line num="17" count="30" type="stmt"/>
        <line num="19" count="30" type="stmt"/>
        <line num="21" count="30" type="stmt"/>
        <line num="22" count="166" type="cond" truecount="4" falsecount="0"/>
        <line num="23" count="4" type="stmt"/>
        <line num="24" count="4" type="stmt"/>
        <line num="25" count="162" type="cond" truecount="2" falsecount="0"/>
        <line num="26" count="26" type="stmt"/>
        <line num="27" count="26" type="stmt"/>
        <line num="31" count="30" type="stmt"/>
        <line num="34" count="30" type="stmt"/>
        <line num="38" count="18" type="stmt"/>
        <line num="39" count="18" type="stmt"/>
        <line num="42" count="3" type="stmt"/>
        <line num="43" count="3" type="stmt"/>
        <line num="46" count="3" type="stmt"/>
        <line num="47" count="3" type="stmt"/>
        <line num="50" count="3" type="stmt"/>
        <line num="51" count="3" type="stmt"/>
        <line num="54" count="3" type="stmt"/>
        <line num="55" count="3" type="stmt"/>
        <line num="59" count="30" type="stmt"/>
      </file>
      <file name="validarfecha.ts" path="C:\DEVELOP\api\tfslib\src\core\validarfecha.ts">
        <metrics statements="26" coveredstatements="26" conditionals="35" coveredconditionals="35" methods="2" coveredmethods="2"/>
        <line num="1" count="1" type="stmt"/>
        <line num="2" count="1" type="stmt"/>
        <line num="3" count="1" type="stmt"/>
        <line num="4" count="1" type="stmt"/>
        <line num="11" count="1" type="stmt"/>
        <line num="13" count="320" type="stmt"/>
        <line num="15" count="320" type="cond" truecount="2" falsecount="0"/>
        <line num="16" count="9" type="stmt"/>
        <line num="19" count="311" type="stmt"/>
        <line num="20" count="311" type="cond" truecount="2" falsecount="0"/>
        <line num="22" count="301" type="stmt"/>
        <line num="24" count="301" type="cond" truecount="4" falsecount="0"/>
        <line num="25" count="2" type="stmt"/>
        <line num="28" count="301" type="cond" truecount="4" falsecount="0"/>
        <line num="29" count="10" type="stmt"/>
        <line num="32" count="301" type="cond" truecount="4" falsecount="0"/>
        <line num="33" count="7" type="stmt"/>
        <line num="36" count="301" type="cond" truecount="2" falsecount="0"/>
        <line num="37" count="58" type="cond" truecount="4" falsecount="0"/>
        <line num="38" count="58" type="cond" truecount="4" falsecount="0"/>
        <line num="41" count="301" type="cond" truecount="4" falsecount="0"/>
        <line num="42" count="7" type="stmt"/>
        <line num="45" count="301" type="stmt"/>
        <line num="46" count="3612" type="cond" truecount="5" falsecount="0"/>
        <line num="47" count="12" type="stmt"/>
        <line num="51" count="301" type="stmt"/>
      </file>
    </package>
  </project>
</coverage>
