{"C:\\DEVELOP\\api\\tfslib\\src\\constants.ts": {"path":"C:\\DEVELOP\\api\\tfslib\\src\\constants.ts","statementMap":{"0":{"start":{"line":1,"column":0},"end":{"line":1,"column":null}},"1":{"start":{"line":6,"column":4},"end":{"line":6,"column":null}},"2":{"start":{"line":11,"column":4},"end":{"line":11,"column":null}},"3":{"start":{"line":16,"column":4},"end":{"line":16,"column":null}},"4":{"start":{"line":21,"column":4},"end":{"line":21,"column":null}},"5":{"start":{"line":26,"column":4},"end":{"line":26,"column":null}},"6":{"start":{"line":31,"column":4},"end":{"line":31,"column":null}},"7":{"start":{"line":34,"column":4},"end":{"line":34,"column":null}},"8":{"start":{"line":35,"column":4},"end":{"line":35,"column":null}},"9":{"start":{"line":36,"column":4},"end":{"line":36,"column":null}},"10":{"start":{"line":37,"column":4},"end":{"line":37,"column":null}},"11":{"start":{"line":41,"column":13},"end":{"line":52,"column":2}},"12":{"start":{"line":55,"column":13},"end":{"line":58,"column":2}},"13":{"start":{"line":61,"column":13},"end":{"line":74,"column":2}}},"fnMap":{"0":{"name":"(anonymous_0)","decl":{"start":{"line":1,"column":0},"end":{"line":1,"column":12}},"loc":{"start":{"line":1,"column":30},"end":{"line":38,"column":1}}}},"branchMap":{"0":{"loc":{"start":{"line":1,"column":12},"end":{"line":1,"column":30}},"type":"binary-expr","locations":[{"start":{"line":1,"column":12},"end":{"line":1,"column":30}},{"start":{"line":1,"column":12},"end":{"line":1,"column":null}}]}},"s":{"0":1,"1":1,"2":1,"3":1,"4":1,"5":1,"6":1,"7":1,"8":1,"9":1,"10":1,"11":1,"12":1,"13":1},"f":{"0":1},"b":{"0":[1,1]}}
,"C:\\DEVELOP\\api\\tfslib\\src\\index.ts": {"path":"C:\\DEVELOP\\api\\tfslib\\src\\index.ts","statementMap":{"0":{"start":{"line":1,"column":0},"end":{"line":1,"column":9}},"1":{"start":{"line":25,"column":8},"end":{"line":1,"column":44}},"2":{"start":{"line":2,"column":0},"end":{"line":2,"column":9}},"3":{"start":{"line":26,"column":8},"end":{"line":2,"column":42}},"4":{"start":{"line":3,"column":0},"end":{"line":3,"column":9}},"5":{"start":{"line":15,"column":8},"end":{"line":3,"column":55}},"6":{"start":{"line":4,"column":0},"end":{"line":4,"column":9}},"7":{"start":{"line":19,"column":8},"end":{"line":4,"column":56}},"8":{"start":{"line":5,"column":0},"end":{"line":5,"column":9}},"9":{"start":{"line":27,"column":8},"end":{"line":5,"column":42}},"10":{"start":{"line":6,"column":0},"end":{"line":6,"column":9}},"11":{"start":{"line":21,"column":8},"end":{"line":6,"column":46}},"12":{"start":{"line":7,"column":0},"end":{"line":7,"column":9}},"13":{"start":{"line":20,"column":8},"end":{"line":7,"column":58}},"14":{"start":{"line":8,"column":0},"end":{"line":8,"column":9}},"15":{"start":{"line":23,"column":8},"end":{"line":8,"column":51}},"16":{"start":{"line":9,"column":0},"end":{"line":9,"column":9}},"17":{"start":{"line":17,"column":8},"end":{"line":9,"column":54}},"18":{"start":{"line":10,"column":0},"end":{"line":10,"column":9}},"19":{"start":{"line":24,"column":8},"end":{"line":10,"column":51}},"20":{"start":{"line":11,"column":0},"end":{"line":11,"column":9}},"21":{"start":{"line":18,"column":8},"end":{"line":11,"column":57}},"22":{"start":{"line":12,"column":0},"end":{"line":12,"column":9}},"23":{"start":{"line":22,"column":8},"end":{"line":12,"column":46}},"24":{"start":{"line":13,"column":0},"end":{"line":13,"column":9}},"25":{"start":{"line":16,"column":8},"end":{"line":13,"column":64}}},"fnMap":{},"branchMap":{},"s":{"0":1,"1":1,"2":1,"3":1,"4":1,"5":1,"6":1,"7":1,"8":1,"9":1,"10":1,"11":1,"12":1,"13":1,"14":1,"15":1,"16":1,"17":1,"18":1,"19":1,"20":1,"21":1,"22":1,"23":1,"24":1,"25":1},"f":{},"b":{}}
,"C:\\DEVELOP\\api\\tfslib\\src\\core\\bisiesto.ts": {"path":"C:\\DEVELOP\\api\\tfslib\\src\\core\\bisiesto.ts","statementMap":{"0":{"start":{"line":8,"column":4},"end":{"line":8,"column":82}},"1":{"start":{"line":7,"column":0},"end":{"line":7,"column":16}}},"fnMap":{"0":{"name":"isBisiesto","decl":{"start":{"line":7,"column":16},"end":{"line":7,"column":26}},"loc":{"start":{"line":7,"column":38},"end":{"line":9,"column":1}}}},"branchMap":{"0":{"loc":{"start":{"line":8,"column":69},"end":{"line":8,"column":73}},"type":"cond-expr","locations":[{"start":{"line":8,"column":69},"end":{"line":8,"column":73}},{"start":{"line":8,"column":76},"end":{"line":8,"column":81}}]},"1":{"loc":{"start":{"line":8,"column":13},"end":{"line":8,"column":26}},"type":"binary-expr","locations":[{"start":{"line":8,"column":13},"end":{"line":8,"column":26}},{"start":{"line":8,"column":30},"end":{"line":8,"column":45}},{"start":{"line":8,"column":50},"end":{"line":8,"column":65}}]}},"s":{"0":234,"1":1},"f":{"0":234},"b":{"0":[81,153],"1":[234,81,153]}}
,"C:\\DEVELOP\\api\\tfslib\\src\\core\\diahabil.ts": {"path":"C:\\DEVELOP\\api\\tfslib\\src\\core\\diahabil.ts","statementMap":{"0":{"start":{"line":1,"column":0},"end":{"line":1,"column":51}},"1":{"start":{"line":2,"column":0},"end":{"line":2,"column":84}},"2":{"start":{"line":3,"column":0},"end":{"line":3,"column":50}},"3":{"start":{"line":4,"column":0},"end":{"line":4,"column":46}},"4":{"start":{"line":12,"column":26},"end":{"line":12,"column":45}},"5":{"start":{"line":13,"column":4},"end":{"line":13,"column":null}},"6":{"start":{"line":13,"column":61},"end":{"line":13,"column":83}},"7":{"start":{"line":15,"column":16},"end":{"line":15,"column":20}},"8":{"start":{"line":16,"column":24},"end":{"line":16,"column":80}},"9":{"start":{"line":17,"column":24},"end":{"line":17,"column":56}},"10":{"start":{"line":20,"column":4},"end":{"line":22,"column":null}},"11":{"start":{"line":21,"column":8},"end":{"line":21,"column":22}},"12":{"start":{"line":24,"column":31},"end":{"line":24,"column":60}},"13":{"start":{"line":26,"column":4},"end":{"line":30,"column":7}},"14":{"start":{"line":27,"column":8},"end":{"line":29,"column":null}},"15":{"start":{"line":28,"column":12},"end":{"line":28,"column":26}},"16":{"start":{"line":32,"column":4},"end":{"line":36,"column":7}},"17":{"start":{"line":33,"column":8},"end":{"line":35,"column":null}},"18":{"start":{"line":34,"column":12},"end":{"line":34,"column":26}},"19":{"start":{"line":38,"column":4},"end":{"line":38,"column":17}},"20":{"start":{"line":10,"column":0},"end":{"line":10,"column":16}}},"fnMap":{"0":{"name":"isHabil","decl":{"start":{"line":10,"column":16},"end":{"line":10,"column":23}},"loc":{"start":{"line":10,"column":39},"end":{"line":40,"column":1}}},"1":{"name":"(anonymous_1)","decl":{"start":{"line":26,"column":22},"end":{"line":26,"column":27}},"loc":{"start":{"line":26,"column":30},"end":{"line":30,"column":5}}},"2":{"name":"(anonymous_2)","decl":{"start":{"line":32,"column":26},"end":{"line":32,"column":31}},"loc":{"start":{"line":32,"column":34},"end":{"line":36,"column":5}}}},"branchMap":{"0":{"loc":{"start":{"line":13,"column":4},"end":{"line":13,"column":null}},"type":"if","locations":[{"start":{"line":13,"column":4},"end":{"line":13,"column":null}},{"start":{"line":13,"column":4},"end":{"line":13,"column":null}}]},"1":{"loc":{"start":{"line":20,"column":4},"end":{"line":22,"column":null}},"type":"if","locations":[{"start":{"line":20,"column":4},"end":{"line":22,"column":null}},{"start":{"line":20,"column":4},"end":{"line":22,"column":null}}]},"2":{"loc":{"start":{"line":20,"column":8},"end":{"line":20,"column":25}},"type":"binary-expr","locations":[{"start":{"line":20,"column":8},"end":{"line":20,"column":25}},{"start":{"line":20,"column":29},"end":{"line":20,"column":46}}]},"3":{"loc":{"start":{"line":27,"column":8},"end":{"line":29,"column":null}},"type":"if","locations":[{"start":{"line":27,"column":8},"end":{"line":29,"column":null}},{"start":{"line":27,"column":8},"end":{"line":29,"column":null}}]},"4":{"loc":{"start":{"line":27,"column":12},"end":{"line":27,"column":29}},"type":"binary-expr","locations":[{"start":{"line":27,"column":12},"end":{"line":27,"column":29}},{"start":{"line":27,"column":33},"end":{"line":27,"column":50}}]},"5":{"loc":{"start":{"line":33,"column":8},"end":{"line":35,"column":null}},"type":"if","locations":[{"start":{"line":33,"column":8},"end":{"line":35,"column":null}},{"start":{"line":33,"column":8},"end":{"line":35,"column":null}}]},"6":{"loc":{"start":{"line":33,"column":12},"end":{"line":33,"column":29}},"type":"binary-expr","locations":[{"start":{"line":33,"column":12},"end":{"line":33,"column":29}},{"start":{"line":33,"column":33},"end":{"line":33,"column":50}},{"start":{"line":33,"column":54},"end":{"line":33,"column":73}}]}},"s":{"0":1,"1":1,"2":1,"3":1,"4":77,"5":77,"6":7,"7":70,"8":70,"9":70,"10":70,"11":28,"12":70,"13":70,"14":700,"15":13,"16":70,"17":140,"18":2,"19":70,"20":1},"f":{"0":77,"1":700,"2":140},"b":{"0":[7,70],"1":[28,42],"2":[70,58],"3":[13,687],"4":[700,36],"5":[2,138],"6":[140,2,2]}}
,"C:\\DEVELOP\\api\\tfslib\\src\\core\\diahabilsiguiente.ts": {"path":"C:\\DEVELOP\\api\\tfslib\\src\\core\\diahabilsiguiente.ts","statementMap":{"0":{"start":{"line":1,"column":0},"end":{"line":1,"column":49}},"1":{"start":{"line":2,"column":0},"end":{"line":2,"column":46}},"2":{"start":{"line":3,"column":0},"end":{"line":3,"column":41}},"3":{"start":{"line":4,"column":0},"end":{"line":4,"column":37}},"4":{"start":{"line":13,"column":46},"end":{"line":13,"column":65}},"5":{"start":{"line":14,"column":4},"end":{"line":14,"column":null}},"6":{"start":{"line":14,"column":60},"end":{"line":14,"column":81}},"7":{"start":{"line":16,"column":36},"end":{"line":16,"column":38}},"8":{"start":{"line":17,"column":24},"end":{"line":17,"column":29}},"9":{"start":{"line":18,"column":26},"end":{"line":18,"column":27}},"10":{"start":{"line":19,"column":4},"end":{"line":26,"column":null}},"11":{"start":{"line":20,"column":29},"end":{"line":20,"column":52}},"12":{"start":{"line":21,"column":8},"end":{"line":24,"column":null}},"13":{"start":{"line":22,"column":12},"end":{"line":22,"column":47}},"14":{"start":{"line":23,"column":12},"end":{"line":23,"column":25}},"15":{"start":{"line":25,"column":8},"end":{"line":25,"column":21}},"16":{"start":{"line":28,"column":4},"end":{"line":28,"column":29}},"17":{"start":{"line":11,"column":0},"end":{"line":11,"column":16}}},"fnMap":{"0":{"name":"getDiaHabilSiguiente","decl":{"start":{"line":11,"column":16},"end":{"line":11,"column":36}},"loc":{"start":{"line":11,"column":50},"end":{"line":30,"column":1}}}},"branchMap":{"0":{"loc":{"start":{"line":14,"column":4},"end":{"line":14,"column":null}},"type":"if","locations":[{"start":{"line":14,"column":4},"end":{"line":14,"column":null}},{"start":{"line":14,"column":4},"end":{"line":14,"column":null}}]},"1":{"loc":{"start":{"line":21,"column":8},"end":{"line":24,"column":null}},"type":"if","locations":[{"start":{"line":21,"column":8},"end":{"line":24,"column":null}},{"start":{"line":21,"column":8},"end":{"line":24,"column":null}}]}},"s":{"0":1,"1":1,"2":1,"3":1,"4":12,"5":12,"6":2,"7":10,"8":10,"9":10,"10":10,"11":19,"12":19,"13":10,"14":10,"15":19,"16":10,"17":1},"f":{"0":12},"b":{"0":[2,10],"1":[10,9]}}
,"C:\\DEVELOP\\api\\tfslib\\src\\core\\disgregarfecha.ts": {"path":"C:\\DEVELOP\\api\\tfslib\\src\\core\\disgregarfecha.ts","statementMap":{"0":{"start":{"line":1,"column":0},"end":{"line":1,"column":50}},"1":{"start":{"line":2,"column":0},"end":{"line":2,"column":52}},"2":{"start":{"line":12,"column":20},"end":{"line":12,"column":42}},"3":{"start":{"line":15,"column":4},"end":{"line":44,"column":null}},"4":{"start":{"line":19,"column":12},"end":{"line":19,"column":48}},"5":{"start":{"line":20,"column":12},"end":{"line":20,"column":18}},"6":{"start":{"line":23,"column":12},"end":{"line":23,"column":48}},"7":{"start":{"line":24,"column":12},"end":{"line":24,"column":18}},"8":{"start":{"line":27,"column":12},"end":{"line":27,"column":37}},"9":{"start":{"line":28,"column":12},"end":{"line":28,"column":37}},"10":{"start":{"line":29,"column":12},"end":{"line":29,"column":38}},"11":{"start":{"line":30,"column":12},"end":{"line":30,"column":18}},"12":{"start":{"line":33,"column":12},"end":{"line":33,"column":38}},"13":{"start":{"line":34,"column":12},"end":{"line":34,"column":37}},"14":{"start":{"line":35,"column":12},"end":{"line":35,"column":37}},"15":{"start":{"line":37,"column":12},"end":{"line":37,"column":18}},"16":{"start":{"line":40,"column":12},"end":{"line":40,"column":38}},"17":{"start":{"line":41,"column":12},"end":{"line":41,"column":37}},"18":{"start":{"line":42,"column":12},"end":{"line":42,"column":37}},"19":{"start":{"line":43,"column":12},"end":{"line":43,"column":18}},"20":{"start":{"line":46,"column":4},"end":{"line":46,"column":null}},"21":{"start":{"line":9,"column":0},"end":{"line":9,"column":16}}},"fnMap":{"0":{"name":"disgregarFecha","decl":{"start":{"line":9,"column":16},"end":{"line":9,"column":30}},"loc":{"start":{"line":9,"column":43},"end":{"line":48,"column":1}}}},"branchMap":{"0":{"loc":{"start":{"line":17,"column":8},"end":{"line":20,"column":18}},"type":"switch","locations":[{"start":{"line":17,"column":8},"end":{"line":20,"column":18}},{"start":{"line":21,"column":8},"end":{"line":24,"column":18}},{"start":{"line":25,"column":8},"end":{"line":30,"column":18}},{"start":{"line":31,"column":8},"end":{"line":37,"column":18}},{"start":{"line":38,"column":8},"end":{"line":43,"column":18}}]}},"s":{"0":1,"1":1,"2":697,"3":697,"4":292,"5":292,"6":71,"7":71,"8":45,"9":45,"10":45,"11":45,"12":55,"13":55,"14":55,"15":55,"16":234,"17":234,"18":234,"19":234,"20":697,"21":1},"f":{"0":697},"b":{"0":[292,71,45,55,234]}}
,"C:\\DEVELOP\\api\\tfslib\\src\\core\\formatearfecha.ts": {"path":"C:\\DEVELOP\\api\\tfslib\\src\\core\\formatearfecha.ts","statementMap":{"0":{"start":{"line":1,"column":0},"end":{"line":1,"column":52}},"1":{"start":{"line":2,"column":0},"end":{"line":2,"column":50}},"2":{"start":{"line":3,"column":0},"end":{"line":3,"column":50}},"3":{"start":{"line":13,"column":20},"end":{"line":13,"column":42}},"4":{"start":{"line":14,"column":4},"end":{"line":14,"column":null}},"5":{"start":{"line":14,"column":61},"end":{"line":14,"column":77}},"6":{"start":{"line":16,"column":29},"end":{"line":16,"column":50}},"7":{"start":{"line":17,"column":4},"end":{"line":90,"column":null}},"8":{"start":{"line":20,"column":12},"end":{"line":22,"column":null}},"9":{"start":{"line":21,"column":16},"end":{"line":21,"column":50}},"10":{"start":{"line":23,"column":12},"end":{"line":25,"column":null}},"11":{"start":{"line":24,"column":16},"end":{"line":24,"column":50}},"12":{"start":{"line":26,"column":12},"end":{"line":28,"column":null}},"13":{"start":{"line":27,"column":16},"end":{"line":27,"column":49}},"14":{"start":{"line":29,"column":12},"end":{"line":31,"column":null}},"15":{"start":{"line":30,"column":16},"end":{"line":30,"column":40}},"16":{"start":{"line":32,"column":12},"end":{"line":34,"column":null}},"17":{"start":{"line":33,"column":16},"end":{"line":33,"column":53}},"18":{"start":{"line":35,"column":12},"end":{"line":35,"column":25}},"19":{"start":{"line":38,"column":12},"end":{"line":40,"column":null}},"20":{"start":{"line":39,"column":16},"end":{"line":39,"column":53}},"21":{"start":{"line":41,"column":12},"end":{"line":43,"column":null}},"22":{"start":{"line":42,"column":16},"end":{"line":42,"column":53}},"23":{"start":{"line":44,"column":12},"end":{"line":46,"column":null}},"24":{"start":{"line":45,"column":16},"end":{"line":45,"column":40}},"25":{"start":{"line":47,"column":12},"end":{"line":49,"column":null}},"26":{"start":{"line":48,"column":16},"end":{"line":48,"column":53}},"27":{"start":{"line":50,"column":12},"end":{"line":52,"column":null}},"28":{"start":{"line":51,"column":16},"end":{"line":51,"column":29}},"29":{"start":{"line":53,"column":12},"end":{"line":53,"column":25}},"30":{"start":{"line":56,"column":12},"end":{"line":58,"column":null}},"31":{"start":{"line":57,"column":16},"end":{"line":57,"column":52}},"32":{"start":{"line":59,"column":12},"end":{"line":61,"column":null}},"33":{"start":{"line":60,"column":16},"end":{"line":60,"column":52}},"34":{"start":{"line":62,"column":12},"end":{"line":64,"column":null}},"35":{"start":{"line":63,"column":16},"end":{"line":63,"column":40}},"36":{"start":{"line":65,"column":12},"end":{"line":67,"column":null}},"37":{"start":{"line":66,"column":16},"end":{"line":66,"column":52}},"38":{"start":{"line":68,"column":12},"end":{"line":70,"column":null}},"39":{"start":{"line":69,"column":16},"end":{"line":69,"column":29}},"40":{"start":{"line":71,"column":12},"end":{"line":71,"column":25}},"41":{"start":{"line":74,"column":12},"end":{"line":76,"column":null}},"42":{"start":{"line":75,"column":16},"end":{"line":75,"column":52}},"43":{"start":{"line":77,"column":12},"end":{"line":79,"column":null}},"44":{"start":{"line":78,"column":16},"end":{"line":78,"column":52}},"45":{"start":{"line":80,"column":12},"end":{"line":82,"column":null}},"46":{"start":{"line":81,"column":16},"end":{"line":81,"column":40}},"47":{"start":{"line":83,"column":12},"end":{"line":85,"column":null}},"48":{"start":{"line":84,"column":16},"end":{"line":84,"column":29}},"49":{"start":{"line":86,"column":12},"end":{"line":88,"column":null}},"50":{"start":{"line":87,"column":16},"end":{"line":87,"column":40}},"51":{"start":{"line":89,"column":12},"end":{"line":89,"column":25}},"52":{"start":{"line":11,"column":0},"end":{"line":11,"column":16}}},"fnMap":{"0":{"name":"setFormatoFecha","decl":{"start":{"line":11,"column":16},"end":{"line":11,"column":31}},"loc":{"start":{"line":11,"column":78},"end":{"line":92,"column":1}}}},"branchMap":{"0":{"loc":{"start":{"line":14,"column":4},"end":{"line":14,"column":null}},"type":"if","locations":[{"start":{"line":14,"column":4},"end":{"line":14,"column":null}},{"start":{"line":14,"column":4},"end":{"line":14,"column":null}}]},"1":{"loc":{"start":{"line":18,"column":8},"end":{"line":18,"column":44}},"type":"switch","locations":[{"start":{"line":18,"column":8},"end":{"line":18,"column":44}},{"start":{"line":18,"column":45},"end":{"line":35,"column":25}},{"start":{"line":36,"column":8},"end":{"line":53,"column":25}},{"start":{"line":54,"column":8},"end":{"line":71,"column":25}},{"start":{"line":72,"column":8},"end":{"line":89,"column":25}}]},"2":{"loc":{"start":{"line":20,"column":12},"end":{"line":22,"column":null}},"type":"if","locations":[{"start":{"line":20,"column":12},"end":{"line":22,"column":null}},{"start":{"line":20,"column":12},"end":{"line":22,"column":null}}]},"3":{"loc":{"start":{"line":23,"column":12},"end":{"line":25,"column":null}},"type":"if","locations":[{"start":{"line":23,"column":12},"end":{"line":25,"column":null}},{"start":{"line":23,"column":12},"end":{"line":25,"column":null}}]},"4":{"loc":{"start":{"line":26,"column":12},"end":{"line":28,"column":null}},"type":"if","locations":[{"start":{"line":26,"column":12},"end":{"line":28,"column":null}},{"start":{"line":26,"column":12},"end":{"line":28,"column":null}}]},"5":{"loc":{"start":{"line":29,"column":12},"end":{"line":31,"column":null}},"type":"if","locations":[{"start":{"line":29,"column":12},"end":{"line":31,"column":null}},{"start":{"line":29,"column":12},"end":{"line":31,"column":null}}]},"6":{"loc":{"start":{"line":32,"column":12},"end":{"line":34,"column":null}},"type":"if","locations":[{"start":{"line":32,"column":12},"end":{"line":34,"column":null}},{"start":{"line":32,"column":12},"end":{"line":34,"column":null}}]},"7":{"loc":{"start":{"line":38,"column":12},"end":{"line":40,"column":null}},"type":"if","locations":[{"start":{"line":38,"column":12},"end":{"line":40,"column":null}},{"start":{"line":38,"column":12},"end":{"line":40,"column":null}}]},"8":{"loc":{"start":{"line":41,"column":12},"end":{"line":43,"column":null}},"type":"if","locations":[{"start":{"line":41,"column":12},"end":{"line":43,"column":null}},{"start":{"line":41,"column":12},"end":{"line":43,"column":null}}]},"9":{"loc":{"start":{"line":44,"column":12},"end":{"line":46,"column":null}},"type":"if","locations":[{"start":{"line":44,"column":12},"end":{"line":46,"column":null}},{"start":{"line":44,"column":12},"end":{"line":46,"column":null}}]},"10":{"loc":{"start":{"line":47,"column":12},"end":{"line":49,"column":null}},"type":"if","locations":[{"start":{"line":47,"column":12},"end":{"line":49,"column":null}},{"start":{"line":47,"column":12},"end":{"line":49,"column":null}}]},"11":{"loc":{"start":{"line":50,"column":12},"end":{"line":52,"column":null}},"type":"if","locations":[{"start":{"line":50,"column":12},"end":{"line":52,"column":null}},{"start":{"line":50,"column":12},"end":{"line":52,"column":null}}]},"12":{"loc":{"start":{"line":56,"column":12},"end":{"line":58,"column":null}},"type":"if","locations":[{"start":{"line":56,"column":12},"end":{"line":58,"column":null}},{"start":{"line":56,"column":12},"end":{"line":58,"column":null}}]},"13":{"loc":{"start":{"line":59,"column":12},"end":{"line":61,"column":null}},"type":"if","locations":[{"start":{"line":59,"column":12},"end":{"line":61,"column":null}},{"start":{"line":59,"column":12},"end":{"line":61,"column":null}}]},"14":{"loc":{"start":{"line":62,"column":12},"end":{"line":64,"column":null}},"type":"if","locations":[{"start":{"line":62,"column":12},"end":{"line":64,"column":null}},{"start":{"line":62,"column":12},"end":{"line":64,"column":null}}]},"15":{"loc":{"start":{"line":65,"column":12},"end":{"line":67,"column":null}},"type":"if","locations":[{"start":{"line":65,"column":12},"end":{"line":67,"column":null}},{"start":{"line":65,"column":12},"end":{"line":67,"column":null}}]},"16":{"loc":{"start":{"line":68,"column":12},"end":{"line":70,"column":null}},"type":"if","locations":[{"start":{"line":68,"column":12},"end":{"line":70,"column":null}},{"start":{"line":68,"column":12},"end":{"line":70,"column":null}}]},"17":{"loc":{"start":{"line":74,"column":12},"end":{"line":76,"column":null}},"type":"if","locations":[{"start":{"line":74,"column":12},"end":{"line":76,"column":null}},{"start":{"line":74,"column":12},"end":{"line":76,"column":null}}]},"18":{"loc":{"start":{"line":77,"column":12},"end":{"line":79,"column":null}},"type":"if","locations":[{"start":{"line":77,"column":12},"end":{"line":79,"column":null}},{"start":{"line":77,"column":12},"end":{"line":79,"column":null}}]},"19":{"loc":{"start":{"line":80,"column":12},"end":{"line":82,"column":null}},"type":"if","locations":[{"start":{"line":80,"column":12},"end":{"line":82,"column":null}},{"start":{"line":80,"column":12},"end":{"line":82,"column":null}}]},"20":{"loc":{"start":{"line":83,"column":12},"end":{"line":85,"column":null}},"type":"if","locations":[{"start":{"line":83,"column":12},"end":{"line":85,"column":null}},{"start":{"line":83,"column":12},"end":{"line":85,"column":null}}]},"21":{"loc":{"start":{"line":86,"column":12},"end":{"line":88,"column":null}},"type":"if","locations":[{"start":{"line":86,"column":12},"end":{"line":88,"column":null}},{"start":{"line":86,"column":12},"end":{"line":88,"column":null}}]}},"s":{"0":1,"1":1,"2":1,"3":206,"4":206,"5":4,"6":202,"7":202,"8":130,"9":2,"10":128,"11":2,"12":126,"13":2,"14":124,"15":2,"16":122,"17":121,"18":1,"19":20,"20":1,"21":19,"22":1,"23":18,"24":1,"25":17,"26":15,"27":2,"28":1,"29":1,"30":25,"31":1,"32":24,"33":1,"34":23,"35":1,"36":22,"37":20,"38":2,"39":1,"40":1,"41":27,"42":1,"43":26,"44":1,"45":25,"46":1,"47":24,"48":22,"49":2,"50":1,"51":1,"52":1},"f":{"0":206},"b":{"0":[4,202],"1":[101,130,20,25,27],"2":[2,128],"3":[2,126],"4":[2,124],"5":[2,122],"6":[121,1],"7":[1,19],"8":[1,18],"9":[1,17],"10":[15,2],"11":[1,1],"12":[1,24],"13":[1,23],"14":[1,22],"15":[20,2],"16":[1,1],"17":[1,26],"18":[1,25],"19":[1,24],"20":[22,2],"21":[1,1]}}
,"C:\\DEVELOP\\api\\tfslib\\src\\core\\getformatofecha.ts": {"path":"C:\\DEVELOP\\api\\tfslib\\src\\core\\getformatofecha.ts","statementMap":{"0":{"start":{"line":1,"column":0},"end":{"line":1,"column":50}},"1":{"start":{"line":2,"column":0},"end":{"line":2,"column":37}},"2":{"start":{"line":12,"column":4},"end":{"line":12,"column":29}},"3":{"start":{"line":13,"column":4},"end":{"line":13,"column":29}},"4":{"start":{"line":14,"column":4},"end":{"line":14,"column":30}},"5":{"start":{"line":16,"column":4},"end":{"line":22,"column":null}},"6":{"start":{"line":18,"column":8},"end":{"line":18,"column":46}},"7":{"start":{"line":19,"column":11},"end":{"line":22,"column":null}},"8":{"start":{"line":21,"column":8},"end":{"line":21,"column":46}},"9":{"start":{"line":24,"column":4},"end":{"line":26,"column":null}},"10":{"start":{"line":25,"column":8},"end":{"line":25,"column":47}},"11":{"start":{"line":28,"column":4},"end":{"line":30,"column":null}},"12":{"start":{"line":29,"column":8},"end":{"line":29,"column":44}},"13":{"start":{"line":32,"column":4},"end":{"line":32,"column":29}},"14":{"start":{"line":33,"column":4},"end":{"line":33,"column":29}},"15":{"start":{"line":34,"column":4},"end":{"line":34,"column":30}},"16":{"start":{"line":35,"column":4},"end":{"line":37,"column":null}},"17":{"start":{"line":36,"column":8},"end":{"line":36,"column":51}},"18":{"start":{"line":39,"column":4},"end":{"line":39,"column":49}},"19":{"start":{"line":9,"column":0},"end":{"line":9,"column":16}}},"fnMap":{"0":{"name":"getFormatoFecha","decl":{"start":{"line":9,"column":16},"end":{"line":9,"column":31}},"loc":{"start":{"line":9,"column":46},"end":{"line":41,"column":1}}}},"branchMap":{"0":{"loc":{"start":{"line":16,"column":4},"end":{"line":22,"column":null}},"type":"if","locations":[{"start":{"line":16,"column":4},"end":{"line":22,"column":null}},{"start":{"line":16,"column":4},"end":{"line":22,"column":null}}]},"1":{"loc":{"start":{"line":16,"column":10},"end":{"line":16,"column":36}},"type":"binary-expr","locations":[{"start":{"line":16,"column":10},"end":{"line":16,"column":36}},{"start":{"line":16,"column":40},"end":{"line":16,"column":66}},{"start":{"line":16,"column":71},"end":{"line":16,"column":90}},{"start":{"line":16,"column":95},"end":{"line":16,"column":124}},{"start":{"line":16,"column":128},"end":{"line":16,"column":159}},{"start":{"line":16,"column":165},"end":{"line":16,"column":194}},{"start":{"line":16,"column":198},"end":{"line":16,"column":229}},{"start":{"line":16,"column":235},"end":{"line":16,"column":264}},{"start":{"line":16,"column":268},"end":{"line":16,"column":300}}]},"2":{"loc":{"start":{"line":19,"column":11},"end":{"line":22,"column":null}},"type":"if","locations":[{"start":{"line":19,"column":11},"end":{"line":22,"column":null}},{"start":{"line":19,"column":11},"end":{"line":22,"column":null}}]},"3":{"loc":{"start":{"line":19,"column":17},"end":{"line":19,"column":43}},"type":"binary-expr","locations":[{"start":{"line":19,"column":17},"end":{"line":19,"column":43}},{"start":{"line":19,"column":47},"end":{"line":19,"column":73}},{"start":{"line":19,"column":79},"end":{"line":19,"column":108}},{"start":{"line":19,"column":112},"end":{"line":19,"column":144}},{"start":{"line":19,"column":150},"end":{"line":19,"column":179}},{"start":{"line":19,"column":183},"end":{"line":19,"column":214}},{"start":{"line":19,"column":220},"end":{"line":19,"column":249}},{"start":{"line":19,"column":253},"end":{"line":19,"column":284}}]},"4":{"loc":{"start":{"line":24,"column":4},"end":{"line":26,"column":null}},"type":"if","locations":[{"start":{"line":24,"column":4},"end":{"line":26,"column":null}},{"start":{"line":24,"column":4},"end":{"line":26,"column":null}}]},"5":{"loc":{"start":{"line":24,"column":10},"end":{"line":24,"column":36}},"type":"binary-expr","locations":[{"start":{"line":24,"column":10},"end":{"line":24,"column":36}},{"start":{"line":24,"column":40},"end":{"line":24,"column":66}},{"start":{"line":24,"column":71},"end":{"line":24,"column":89}},{"start":{"line":24,"column":94},"end":{"line":24,"column":123}},{"start":{"line":24,"column":127},"end":{"line":24,"column":158}},{"start":{"line":24,"column":164},"end":{"line":24,"column":193}},{"start":{"line":24,"column":197},"end":{"line":24,"column":228}},{"start":{"line":24,"column":234},"end":{"line":24,"column":263}},{"start":{"line":24,"column":267},"end":{"line":24,"column":298}}]},"6":{"loc":{"start":{"line":28,"column":4},"end":{"line":30,"column":null}},"type":"if","locations":[{"start":{"line":28,"column":4},"end":{"line":30,"column":null}},{"start":{"line":28,"column":4},"end":{"line":30,"column":null}}]},"7":{"loc":{"start":{"line":28,"column":9},"end":{"line":28,"column":24}},"type":"binary-expr","locations":[{"start":{"line":28,"column":9},"end":{"line":28,"column":24}},{"start":{"line":28,"column":28},"end":{"line":28,"column":46}},{"start":{"line":28,"column":51},"end":{"line":28,"column":59}},{"start":{"line":28,"column":63},"end":{"line":28,"column":72}},{"start":{"line":28,"column":78},"end":{"line":28,"column":86}},{"start":{"line":28,"column":90},"end":{"line":28,"column":99}},{"start":{"line":28,"column":105},"end":{"line":28,"column":117}},{"start":{"line":28,"column":121},"end":{"line":28,"column":133}}]},"8":{"loc":{"start":{"line":35,"column":4},"end":{"line":37,"column":null}},"type":"if","locations":[{"start":{"line":35,"column":4},"end":{"line":37,"column":null}},{"start":{"line":35,"column":4},"end":{"line":37,"column":null}}]},"9":{"loc":{"start":{"line":35,"column":9},"end":{"line":35,"column":24}},"type":"binary-expr","locations":[{"start":{"line":35,"column":9},"end":{"line":35,"column":24}},{"start":{"line":35,"column":28},"end":{"line":35,"column":46}},{"start":{"line":35,"column":51},"end":{"line":35,"column":59}},{"start":{"line":35,"column":63},"end":{"line":35,"column":72}},{"start":{"line":35,"column":78},"end":{"line":35,"column":86}},{"start":{"line":35,"column":90},"end":{"line":35,"column":99}},{"start":{"line":35,"column":105},"end":{"line":35,"column":117}},{"start":{"line":35,"column":121},"end":{"line":35,"column":133}}]}},"s":{"0":1,"1":1,"2":1404,"3":1404,"4":1404,"5":1404,"6":638,"7":766,"8":332,"9":434,"10":160,"11":274,"12":103,"13":171,"14":171,"15":171,"16":171,"17":129,"18":42,"19":1},"f":{"0":1404},"b":{"0":[638,766],"1":[1404,649,643,639,639,639,638,638,638],"2":[332,434],"3":[766,333,332,332,332,332,332,332],"4":[160,274],"5":[434,171,165,161,161,161,160,160,160],"6":[103,171],"7":[274,238,233,233,232,232,114,103],"8":[129,42],"9":[171,135,130,130,130,130,129,129]}}
,"C:\\DEVELOP\\api\\tfslib\\src\\core\\numeros.ts": {"path":"C:\\DEVELOP\\api\\tfslib\\src\\core\\numeros.ts","statementMap":{"0":{"start":{"line":8,"column":4},"end":{"line":8,"column":50}},"1":{"start":{"line":7,"column":0},"end":{"line":7,"column":16}}},"fnMap":{"0":{"name":"isNumero","decl":{"start":{"line":7,"column":16},"end":{"line":7,"column":24}},"loc":{"start":{"line":7,"column":26},"end":{"line":9,"column":1}}}},"branchMap":{"0":{"loc":{"start":{"line":8,"column":11},"end":{"line":8,"column":32}},"type":"binary-expr","locations":[{"start":{"line":8,"column":11},"end":{"line":8,"column":32}},{"start":{"line":8,"column":36},"end":{"line":8,"column":49}}]}},"s":{"0":3839,"1":1},"f":{"0":3839},"b":{"0":[3839,3833]}}
,"C:\\DEVELOP\\api\\tfslib\\src\\core\\proximafecha.ts": {"path":"C:\\DEVELOP\\api\\tfslib\\src\\core\\proximafecha.ts","statementMap":{"0":{"start":{"line":1,"column":0},"end":{"line":1,"column":50}},"1":{"start":{"line":2,"column":0},"end":{"line":2,"column":46}},"2":{"start":{"line":3,"column":0},"end":{"line":3,"column":51}},"3":{"start":{"line":4,"column":0},"end":{"line":4,"column":52}},"4":{"start":{"line":5,"column":0},"end":{"line":5,"column":50}},"5":{"start":{"line":14,"column":51},"end":{"line":14,"column":70}},"6":{"start":{"line":15,"column":4},"end":{"line":15,"column":null}},"7":{"start":{"line":15,"column":66},"end":{"line":15,"column":93}},"8":{"start":{"line":17,"column":19},"end":{"line":17,"column":83}},"9":{"start":{"line":19,"column":20},"end":{"line":19,"column":70}},"10":{"start":{"line":20,"column":26},"end":{"line":20,"column":80}},"11":{"start":{"line":22,"column":29},"end":{"line":22,"column":58}},"12":{"start":{"line":23,"column":17},"end":{"line":23,"column":39}},"13":{"start":{"line":25,"column":4},"end":{"line":37,"column":null}},"14":{"start":{"line":28,"column":12},"end":{"line":28,"column":49}},"15":{"start":{"line":30,"column":12},"end":{"line":30,"column":49}},"16":{"start":{"line":32,"column":12},"end":{"line":32,"column":36}},"17":{"start":{"line":34,"column":12},"end":{"line":34,"column":37}},"18":{"start":{"line":36,"column":12},"end":{"line":36,"column":49}},"19":{"start":{"line":12,"column":0},"end":{"line":12,"column":16}}},"fnMap":{"0":{"name":"addDias","decl":{"start":{"line":12,"column":16},"end":{"line":12,"column":23}},"loc":{"start":{"line":12,"column":54},"end":{"line":39,"column":1}}}},"branchMap":{"0":{"loc":{"start":{"line":15,"column":4},"end":{"line":15,"column":null}},"type":"if","locations":[{"start":{"line":15,"column":4},"end":{"line":15,"column":null}},{"start":{"line":15,"column":4},"end":{"line":15,"column":null}}]},"1":{"loc":{"start":{"line":27,"column":8},"end":{"line":28,"column":49}},"type":"switch","locations":[{"start":{"line":27,"column":8},"end":{"line":28,"column":49}},{"start":{"line":29,"column":8},"end":{"line":30,"column":49}},{"start":{"line":31,"column":8},"end":{"line":32,"column":36}},{"start":{"line":33,"column":8},"end":{"line":34,"column":37}},{"start":{"line":35,"column":8},"end":{"line":36,"column":49}}]}},"s":{"0":1,"1":1,"2":1,"3":1,"4":1,"5":82,"6":82,"7":4,"8":78,"9":78,"10":78,"11":78,"12":78,"13":78,"14":44,"15":10,"16":5,"17":8,"18":11,"19":1},"f":{"0":82},"b":{"0":[4,78],"1":[44,10,5,8,11]}}
,"C:\\DEVELOP\\api\\tfslib\\src\\core\\proximafechahabil.ts": {"path":"C:\\DEVELOP\\api\\tfslib\\src\\core\\proximafechahabil.ts","statementMap":{"0":{"start":{"line":1,"column":0},"end":{"line":1,"column":50}},"1":{"start":{"line":2,"column":0},"end":{"line":2,"column":46}},"2":{"start":{"line":3,"column":0},"end":{"line":3,"column":41}},"3":{"start":{"line":4,"column":0},"end":{"line":4,"column":37}},"4":{"start":{"line":14,"column":4},"end":{"line":14,"column":null}},"5":{"start":{"line":14,"column":67},"end":{"line":14,"column":113}},"6":{"start":{"line":16,"column":24},"end":{"line":16,"column":29}},"7":{"start":{"line":17,"column":26},"end":{"line":17,"column":27}},"8":{"start":{"line":18,"column":24},"end":{"line":18,"column":25}},"9":{"start":{"line":19,"column":4},"end":{"line":28,"column":null}},"10":{"start":{"line":20,"column":29},"end":{"line":20,"column":52}},"11":{"start":{"line":21,"column":8},"end":{"line":23,"column":null}},"12":{"start":{"line":22,"column":12},"end":{"line":22,"column":23}},"13":{"start":{"line":24,"column":8},"end":{"line":26,"column":null}},"14":{"start":{"line":25,"column":12},"end":{"line":25,"column":34}},"15":{"start":{"line":27,"column":8},"end":{"line":27,"column":21}},"16":{"start":{"line":12,"column":0},"end":{"line":12,"column":16}}},"fnMap":{"0":{"name":"addDiasHabiles","decl":{"start":{"line":12,"column":16},"end":{"line":12,"column":30}},"loc":{"start":{"line":12,"column":75},"end":{"line":30,"column":1}}}},"branchMap":{"0":{"loc":{"start":{"line":14,"column":4},"end":{"line":14,"column":null}},"type":"if","locations":[{"start":{"line":14,"column":4},"end":{"line":14,"column":null}},{"start":{"line":14,"column":4},"end":{"line":14,"column":null}}]},"1":{"loc":{"start":{"line":21,"column":8},"end":{"line":23,"column":null}},"type":"if","locations":[{"start":{"line":21,"column":8},"end":{"line":23,"column":null}},{"start":{"line":21,"column":8},"end":{"line":23,"column":null}}]},"2":{"loc":{"start":{"line":24,"column":8},"end":{"line":26,"column":null}},"type":"if","locations":[{"start":{"line":24,"column":8},"end":{"line":26,"column":null}},{"start":{"line":24,"column":8},"end":{"line":26,"column":null}}]}},"s":{"0":1,"1":1,"2":1,"3":1,"4":17,"5":3,"6":14,"7":14,"8":14,"9":14,"10":43,"11":43,"12":22,"13":43,"14":14,"15":29,"16":1},"f":{"0":17},"b":{"0":[3,14],"1":[22,21],"2":[14,29]}}
,"C:\\DEVELOP\\api\\tfslib\\src\\core\\restarfechas.ts": {"path":"C:\\DEVELOP\\api\\tfslib\\src\\core\\restarfechas.ts","statementMap":{"0":{"start":{"line":1,"column":0},"end":{"line":1,"column":52}},"1":{"start":{"line":2,"column":0},"end":{"line":2,"column":51}},"2":{"start":{"line":3,"column":0},"end":{"line":3,"column":50}},"3":{"start":{"line":4,"column":0},"end":{"line":4,"column":46}},"4":{"start":{"line":15,"column":32},"end":{"line":15,"column":52}},"5":{"start":{"line":16,"column":32},"end":{"line":16,"column":52}},"6":{"start":{"line":18,"column":4},"end":{"line":22,"column":null}},"7":{"start":{"line":19,"column":8},"end":{"line":19,"column":35}},"8":{"start":{"line":20,"column":11},"end":{"line":22,"column":null}},"9":{"start":{"line":21,"column":8},"end":{"line":21,"column":35}},"10":{"start":{"line":24,"column":4},"end":{"line":24,"column":null}},"11":{"start":{"line":24,"column":63},"end":{"line":24,"column":109}},"12":{"start":{"line":26,"column":18},"end":{"line":26,"column":34}},"13":{"start":{"line":27,"column":18},"end":{"line":27,"column":34}},"14":{"start":{"line":29,"column":4},"end":{"line":32,"column":null}},"15":{"start":{"line":30,"column":8},"end":{"line":30,"column":84}},"16":{"start":{"line":31,"column":8},"end":{"line":31,"column":84}},"17":{"start":{"line":34,"column":17},"end":{"line":34,"column":54}},"18":{"start":{"line":36,"column":21},"end":{"line":36,"column":57}},"19":{"start":{"line":38,"column":4},"end":{"line":38,"column":20}},"20":{"start":{"line":13,"column":0},"end":{"line":13,"column":16}}},"fnMap":{"0":{"name":"restarFechas","decl":{"start":{"line":13,"column":16},"end":{"line":13,"column":28}},"loc":{"start":{"line":13,"column":61},"end":{"line":39,"column":1}}}},"branchMap":{"0":{"loc":{"start":{"line":18,"column":4},"end":{"line":22,"column":null}},"type":"if","locations":[{"start":{"line":18,"column":4},"end":{"line":22,"column":null}},{"start":{"line":18,"column":4},"end":{"line":22,"column":null}}]},"1":{"loc":{"start":{"line":20,"column":11},"end":{"line":22,"column":null}},"type":"if","locations":[{"start":{"line":20,"column":11},"end":{"line":22,"column":null}},{"start":{"line":20,"column":11},"end":{"line":22,"column":null}}]},"2":{"loc":{"start":{"line":24,"column":4},"end":{"line":24,"column":null}},"type":"if","locations":[{"start":{"line":24,"column":4},"end":{"line":24,"column":null}},{"start":{"line":24,"column":4},"end":{"line":24,"column":null}}]},"3":{"loc":{"start":{"line":29,"column":4},"end":{"line":32,"column":null}},"type":"if","locations":[{"start":{"line":29,"column":4},"end":{"line":32,"column":null}},{"start":{"line":29,"column":4},"end":{"line":32,"column":null}}]}},"s":{"0":1,"1":1,"2":1,"3":1,"4":29,"5":29,"6":29,"7":11,"8":18,"9":5,"10":13,"11":3,"12":10,"13":10,"14":10,"15":7,"16":7,"17":10,"18":10,"19":10,"20":1},"f":{"0":29},"b":{"0":[11,18],"1":[5,13],"2":[3,10],"3":[7,3]}}
,"C:\\DEVELOP\\api\\tfslib\\src\\core\\sumarmeses.ts": {"path":"C:\\DEVELOP\\api\\tfslib\\src\\core\\sumarmeses.ts","statementMap":{"0":{"start":{"line":1,"column":0},"end":{"line":1,"column":46}},"1":{"start":{"line":2,"column":0},"end":{"line":2,"column":50}},"2":{"start":{"line":3,"column":0},"end":{"line":3,"column":51}},"3":{"start":{"line":4,"column":0},"end":{"line":4,"column":52}},"4":{"start":{"line":5,"column":0},"end":{"line":5,"column":50}},"5":{"start":{"line":15,"column":4},"end":{"line":15,"column":null}},"6":{"start":{"line":15,"column":67},"end":{"line":15,"column":114}},"7":{"start":{"line":17,"column":24},"end":{"line":17,"column":78}},"8":{"start":{"line":18,"column":19},"end":{"line":18,"column":40}},"9":{"start":{"line":20,"column":20},"end":{"line":20,"column":73}},"10":{"start":{"line":21,"column":26},"end":{"line":21,"column":80}},"11":{"start":{"line":23,"column":29},"end":{"line":23,"column":58}},"12":{"start":{"line":24,"column":17},"end":{"line":24,"column":39}},"13":{"start":{"line":25,"column":4},"end":{"line":37,"column":null}},"14":{"start":{"line":28,"column":12},"end":{"line":28,"column":49}},"15":{"start":{"line":30,"column":12},"end":{"line":30,"column":49}},"16":{"start":{"line":32,"column":12},"end":{"line":32,"column":36}},"17":{"start":{"line":34,"column":12},"end":{"line":34,"column":37}},"18":{"start":{"line":36,"column":12},"end":{"line":36,"column":49}},"19":{"start":{"line":13,"column":0},"end":{"line":13,"column":16}}},"fnMap":{"0":{"name":"addNmeses","decl":{"start":{"line":13,"column":16},"end":{"line":13,"column":25}},"loc":{"start":{"line":13,"column":55},"end":{"line":39,"column":1}}}},"branchMap":{"0":{"loc":{"start":{"line":15,"column":4},"end":{"line":15,"column":null}},"type":"if","locations":[{"start":{"line":15,"column":4},"end":{"line":15,"column":null}},{"start":{"line":15,"column":4},"end":{"line":15,"column":null}}]},"1":{"loc":{"start":{"line":27,"column":8},"end":{"line":28,"column":49}},"type":"switch","locations":[{"start":{"line":27,"column":8},"end":{"line":28,"column":49}},{"start":{"line":29,"column":8},"end":{"line":30,"column":49}},{"start":{"line":31,"column":8},"end":{"line":32,"column":36}},{"start":{"line":33,"column":8},"end":{"line":34,"column":37}},{"start":{"line":35,"column":8},"end":{"line":36,"column":49}}]}},"s":{"0":1,"1":1,"2":1,"3":1,"4":1,"5":16,"6":5,"7":11,"8":11,"9":11,"10":11,"11":11,"12":11,"13":11,"14":7,"15":1,"16":1,"17":1,"18":1,"19":1},"f":{"0":16},"b":{"0":[5,11],"1":[7,1,1,1,1]}}
,"C:\\DEVELOP\\api\\tfslib\\src\\core\\ultimodiames.ts": {"path":"C:\\DEVELOP\\api\\tfslib\\src\\core\\ultimodiames.ts","statementMap":{"0":{"start":{"line":1,"column":0},"end":{"line":1,"column":62}},"1":{"start":{"line":2,"column":0},"end":{"line":2,"column":52}},"2":{"start":{"line":3,"column":0},"end":{"line":3,"column":46}},"3":{"start":{"line":4,"column":0},"end":{"line":4,"column":50}},"4":{"start":{"line":5,"column":0},"end":{"line":5,"column":40}},"5":{"start":{"line":14,"column":4},"end":{"line":14,"column":null}},"6":{"start":{"line":14,"column":67},"end":{"line":14,"column":113}},"7":{"start":{"line":16,"column":23},"end":{"line":16,"column":27}},"8":{"start":{"line":17,"column":30},"end":{"line":17,"column":34}},"9":{"start":{"line":19,"column":25},"end":{"line":19,"column":46}},"10":{"start":{"line":21,"column":4},"end":{"line":29,"column":null}},"11":{"start":{"line":22,"column":8},"end":{"line":28,"column":null}},"12":{"start":{"line":23,"column":12},"end":{"line":23,"column":42}},"13":{"start":{"line":24,"column":12},"end":{"line":24,"column":18}},"14":{"start":{"line":25,"column":15},"end":{"line":28,"column":null}},"15":{"start":{"line":26,"column":12},"end":{"line":26,"column":34}},"16":{"start":{"line":27,"column":12},"end":{"line":27,"column":18}},"17":{"start":{"line":31,"column":20},"end":{"line":31,"column":42}},"18":{"start":{"line":34,"column":4},"end":{"line":57,"column":null}},"19":{"start":{"line":38,"column":12},"end":{"line":38,"column":67}},"20":{"start":{"line":39,"column":12},"end":{"line":39,"column":18}},"21":{"start":{"line":42,"column":12},"end":{"line":42,"column":67}},"22":{"start":{"line":43,"column":12},"end":{"line":43,"column":18}},"23":{"start":{"line":46,"column":12},"end":{"line":46,"column":55}},"24":{"start":{"line":47,"column":12},"end":{"line":47,"column":18}},"25":{"start":{"line":50,"column":12},"end":{"line":50,"column":55}},"26":{"start":{"line":51,"column":12},"end":{"line":51,"column":18}},"27":{"start":{"line":54,"column":12},"end":{"line":54,"column":67}},"28":{"start":{"line":55,"column":12},"end":{"line":55,"column":18}},"29":{"start":{"line":59,"column":4},"end":{"line":59,"column":29}},"30":{"start":{"line":12,"column":0},"end":{"line":12,"column":16}}},"fnMap":{"0":{"name":"getUltimoDiaMes","decl":{"start":{"line":12,"column":16},"end":{"line":12,"column":31}},"loc":{"start":{"line":12,"column":46},"end":{"line":61,"column":1}}}},"branchMap":{"0":{"loc":{"start":{"line":14,"column":4},"end":{"line":14,"column":null}},"type":"if","locations":[{"start":{"line":14,"column":4},"end":{"line":14,"column":null}},{"start":{"line":14,"column":4},"end":{"line":14,"column":null}}]},"1":{"loc":{"start":{"line":22,"column":8},"end":{"line":28,"column":null}},"type":"if","locations":[{"start":{"line":22,"column":8},"end":{"line":28,"column":null}},{"start":{"line":22,"column":8},"end":{"line":28,"column":null}}]},"2":{"loc":{"start":{"line":22,"column":13},"end":{"line":22,"column":29}},"type":"binary-expr","locations":[{"start":{"line":22,"column":13},"end":{"line":22,"column":29}},{"start":{"line":22,"column":33},"end":{"line":22,"column":51}}]},"3":{"loc":{"start":{"line":25,"column":15},"end":{"line":28,"column":null}},"type":"if","locations":[{"start":{"line":25,"column":15},"end":{"line":28,"column":null}},{"start":{"line":25,"column":15},"end":{"line":28,"column":null}}]},"4":{"loc":{"start":{"line":36,"column":8},"end":{"line":39,"column":18}},"type":"switch","locations":[{"start":{"line":36,"column":8},"end":{"line":39,"column":18}},{"start":{"line":40,"column":8},"end":{"line":43,"column":18}},{"start":{"line":44,"column":8},"end":{"line":47,"column":18}},{"start":{"line":48,"column":8},"end":{"line":51,"column":18}},{"start":{"line":52,"column":8},"end":{"line":55,"column":18}}]}},"s":{"0":1,"1":1,"2":1,"3":1,"4":1,"5":31,"6":1,"7":30,"8":30,"9":30,"10":30,"11":166,"12":4,"13":4,"14":162,"15":26,"16":26,"17":30,"18":30,"19":18,"20":18,"21":3,"22":3,"23":3,"24":3,"25":3,"26":3,"27":3,"28":3,"29":30,"30":1},"f":{"0":31},"b":{"0":[1,30],"1":[4,162],"2":[166,44],"3":[26,136],"4":[18,3,3,3,3]}}
,"C:\\DEVELOP\\api\\tfslib\\src\\core\\validarfecha.ts": {"path":"C:\\DEVELOP\\api\\tfslib\\src\\core\\validarfecha.ts","statementMap":{"0":{"start":{"line":1,"column":0},"end":{"line":1,"column":62}},"1":{"start":{"line":2,"column":0},"end":{"line":2,"column":52}},"2":{"start":{"line":3,"column":0},"end":{"line":3,"column":50}},"3":{"start":{"line":4,"column":0},"end":{"line":4,"column":40}},"4":{"start":{"line":13,"column":49},"end":{"line":13,"column":80}},"5":{"start":{"line":15,"column":4},"end":{"line":17,"column":null}},"6":{"start":{"line":16,"column":8},"end":{"line":16,"column":53}},"7":{"start":{"line":19,"column":40},"end":{"line":19,"column":62}},"8":{"start":{"line":20,"column":4},"end":{"line":20,"column":108}},"9":{"start":{"line":20,"column":61},"end":{"line":20,"column":107}},"10":{"start":{"line":22,"column":29},"end":{"line":22,"column":50}},"11":{"start":{"line":24,"column":4},"end":{"line":26,"column":null}},"12":{"start":{"line":25,"column":8},"end":{"line":25,"column":66}},"13":{"start":{"line":28,"column":4},"end":{"line":30,"column":null}},"14":{"start":{"line":29,"column":8},"end":{"line":29,"column":65}},"15":{"start":{"line":32,"column":4},"end":{"line":34,"column":null}},"16":{"start":{"line":33,"column":8},"end":{"line":33,"column":65}},"17":{"start":{"line":36,"column":4},"end":{"line":39,"column":null}},"18":{"start":{"line":37,"column":8},"end":{"line":37,"column":null}},"19":{"start":{"line":37,"column":45},"end":{"line":37,"column":103}},"20":{"start":{"line":38,"column":8},"end":{"line":38,"column":null}},"21":{"start":{"line":38,"column":35},"end":{"line":38,"column":93}},"22":{"start":{"line":41,"column":4},"end":{"line":43,"column":null}},"23":{"start":{"line":42,"column":8},"end":{"line":42,"column":65}},"24":{"start":{"line":45,"column":4},"end":{"line":49,"column":7}},"25":{"start":{"line":46,"column":8},"end":{"line":48,"column":null}},"26":{"start":{"line":47,"column":12},"end":{"line":47,"column":69}},"27":{"start":{"line":51,"column":4},"end":{"line":51,"column":30}},"28":{"start":{"line":11,"column":0},"end":{"line":11,"column":16}}},"fnMap":{"0":{"name":"validarFecha","decl":{"start":{"line":11,"column":16},"end":{"line":11,"column":28}},"loc":{"start":{"line":11,"column":43},"end":{"line":53,"column":1}}},"1":{"name":"(anonymous_1)","decl":{"start":{"line":45,"column":19},"end":{"line":45,"column":24}},"loc":{"start":{"line":45,"column":27},"end":{"line":49,"column":5}}}},"branchMap":{"0":{"loc":{"start":{"line":15,"column":4},"end":{"line":17,"column":null}},"type":"if","locations":[{"start":{"line":15,"column":4},"end":{"line":17,"column":null}},{"start":{"line":15,"column":4},"end":{"line":17,"column":null}}]},"1":{"loc":{"start":{"line":20,"column":4},"end":{"line":20,"column":108}},"type":"if","locations":[{"start":{"line":20,"column":4},"end":{"line":20,"column":108}},{"start":{"line":20,"column":4},"end":{"line":20,"column":108}}]},"2":{"loc":{"start":{"line":24,"column":4},"end":{"line":26,"column":null}},"type":"if","locations":[{"start":{"line":24,"column":4},"end":{"line":26,"column":null}},{"start":{"line":24,"column":4},"end":{"line":26,"column":null}}]},"3":{"loc":{"start":{"line":24,"column":8},"end":{"line":24,"column":19}},"type":"binary-expr","locations":[{"start":{"line":24,"column":8},"end":{"line":24,"column":19}},{"start":{"line":24,"column":23},"end":{"line":24,"column":34}}]},"4":{"loc":{"start":{"line":28,"column":4},"end":{"line":30,"column":null}},"type":"if","locations":[{"start":{"line":28,"column":4},"end":{"line":30,"column":null}},{"start":{"line":28,"column":4},"end":{"line":30,"column":null}}]},"5":{"loc":{"start":{"line":28,"column":8},"end":{"line":28,"column":15}},"type":"binary-expr","locations":[{"start":{"line":28,"column":8},"end":{"line":28,"column":15}},{"start":{"line":28,"column":19},"end":{"line":28,"column":28}}]},"6":{"loc":{"start":{"line":32,"column":4},"end":{"line":34,"column":null}},"type":"if","locations":[{"start":{"line":32,"column":4},"end":{"line":34,"column":null}},{"start":{"line":32,"column":4},"end":{"line":34,"column":null}}]},"7":{"loc":{"start":{"line":32,"column":8},"end":{"line":32,"column":15}},"type":"binary-expr","locations":[{"start":{"line":32,"column":8},"end":{"line":32,"column":15}},{"start":{"line":32,"column":19},"end":{"line":32,"column":28}}]},"8":{"loc":{"start":{"line":36,"column":4},"end":{"line":39,"column":null}},"type":"if","locations":[{"start":{"line":36,"column":4},"end":{"line":39,"column":null}},{"start":{"line":36,"column":4},"end":{"line":39,"column":null}}]},"9":{"loc":{"start":{"line":37,"column":8},"end":{"line":37,"column":null}},"type":"if","locations":[{"start":{"line":37,"column":8},"end":{"line":37,"column":null}},{"start":{"line":37,"column":8},"end":{"line":37,"column":null}}]},"10":{"loc":{"start":{"line":37,"column":12},"end":{"line":37,"column":29}},"type":"binary-expr","locations":[{"start":{"line":37,"column":12},"end":{"line":37,"column":29}},{"start":{"line":37,"column":33},"end":{"line":37,"column":41}}]},"11":{"loc":{"start":{"line":38,"column":8},"end":{"line":38,"column":null}},"type":"if","locations":[{"start":{"line":38,"column":8},"end":{"line":38,"column":null}},{"start":{"line":38,"column":8},"end":{"line":38,"column":null}}]},"12":{"loc":{"start":{"line":38,"column":12},"end":{"line":38,"column":19}},"type":"binary-expr","locations":[{"start":{"line":38,"column":12},"end":{"line":38,"column":19}},{"start":{"line":38,"column":23},"end":{"line":38,"column":31}}]},"13":{"loc":{"start":{"line":41,"column":4},"end":{"line":43,"column":null}},"type":"if","locations":[{"start":{"line":41,"column":4},"end":{"line":43,"column":null}},{"start":{"line":41,"column":4},"end":{"line":43,"column":null}}]},"14":{"loc":{"start":{"line":41,"column":8},"end":{"line":41,"column":15}},"type":"binary-expr","locations":[{"start":{"line":41,"column":8},"end":{"line":41,"column":15}},{"start":{"line":41,"column":19},"end":{"line":41,"column":27}}]},"15":{"loc":{"start":{"line":46,"column":8},"end":{"line":48,"column":null}},"type":"if","locations":[{"start":{"line":46,"column":8},"end":{"line":48,"column":null}},{"start":{"line":46,"column":8},"end":{"line":48,"column":null}}]},"16":{"loc":{"start":{"line":46,"column":12},"end":{"line":46,"column":24}},"type":"binary-expr","locations":[{"start":{"line":46,"column":12},"end":{"line":46,"column":24}},{"start":{"line":46,"column":28},"end":{"line":46,"column":45}},{"start":{"line":46,"column":50},"end":{"line":46,"column":65}}]}},"s":{"0":1,"1":1,"2":1,"3":1,"4":320,"5":320,"6":9,"7":311,"8":311,"9":10,"10":301,"11":301,"12":2,"13":301,"14":10,"15":301,"16":7,"17":301,"18":58,"19":6,"20":58,"21":3,"22":301,"23":7,"24":301,"25":3612,"26":12,"27":301,"28":1},"f":{"0":320,"1":3612},"b":{"0":[9,311],"1":[10,301],"2":[2,299],"3":[301,300],"4":[10,291],"5":[301,299],"6":[7,294],"7":[301,300],"8":[58,243],"9":[6,52],"10":[58,26],"11":[3,55],"12":[58,58],"13":[7,294],"14":[301,300],"15":[12,3600],"16":[3612,2916,233]}}
}
