TN:
SF:C:\DEVELOP\api\tfslib\src\constants.ts
FN:1,(anonymous_0)
FNF:1
FNH:1
FNDA:1,(anonymous_0)
DA:1,1
DA:6,1
DA:11,1
DA:16,1
DA:21,1
DA:26,1
DA:31,1
DA:34,1
DA:35,1
DA:36,1
DA:37,1
DA:41,1
DA:55,1
DA:61,1
LF:14
LH:14
BRDA:1,0,0,1
BRDA:1,0,1,1
BRF:2
BRH:2
end_of_record
TN:
SF:C:\DEVELOP\api\tfslib\src\index.ts
FNF:0
FNH:0
DA:1,1
DA:2,1
DA:3,1
DA:4,1
DA:5,1
DA:6,1
DA:7,1
DA:8,1
DA:9,1
DA:10,1
DA:11,1
DA:12,1
DA:13,1
DA:15,1
DA:16,1
DA:17,1
DA:18,1
DA:19,1
DA:20,1
DA:21,1
DA:22,1
DA:23,1
DA:24,1
DA:25,1
DA:26,1
DA:27,1
LF:26
LH:26
BRF:0
BRH:0
end_of_record
TN:
SF:C:\DEVELOP\api\tfslib\src\core\bisiesto.ts
FN:7,isBisiesto
FNF:1
FNH:1
FNDA:234,isBisiesto
DA:7,1
DA:8,234
LF:2
LH:2
BRDA:8,0,0,81
BRDA:8,0,1,153
BRDA:8,1,0,234
BRDA:8,1,1,81
BRDA:8,1,2,153
BRF:5
BRH:5
end_of_record
TN:
SF:C:\DEVELOP\api\tfslib\src\core\diahabil.ts
FN:10,isHabil
FN:26,(anonymous_1)
FN:32,(anonymous_2)
FNF:3
FNH:3
FNDA:77,isHabil
FNDA:700,(anonymous_1)
FNDA:140,(anonymous_2)
DA:1,1
DA:2,1
DA:3,1
DA:4,1
DA:10,1
DA:12,77
DA:13,77
DA:15,70
DA:16,70
DA:17,70
DA:20,70
DA:21,28
DA:24,70
DA:26,70
DA:27,700
DA:28,13
DA:32,70
DA:33,140
DA:34,2
DA:38,70
LF:20
LH:20
BRDA:13,0,0,7
BRDA:13,0,1,70
BRDA:20,1,0,28
BRDA:20,1,1,42
BRDA:20,2,0,70
BRDA:20,2,1,58
BRDA:27,3,0,13
BRDA:27,3,1,687
BRDA:27,4,0,700
BRDA:27,4,1,36
BRDA:33,5,0,2
BRDA:33,5,1,138
BRDA:33,6,0,140
BRDA:33,6,1,2
BRDA:33,6,2,2
BRF:15
BRH:15
end_of_record
TN:
SF:C:\DEVELOP\api\tfslib\src\core\diahabilsiguiente.ts
FN:11,getDiaHabilSiguiente
FNF:1
FNH:1
FNDA:12,getDiaHabilSiguiente
DA:1,1
DA:2,1
DA:3,1
DA:4,1
DA:11,1
DA:13,12
DA:14,12
DA:16,10
DA:17,10
DA:18,10
DA:19,10
DA:20,19
DA:21,19
DA:22,10
DA:23,10
DA:25,19
DA:28,10
LF:17
LH:17
BRDA:14,0,0,2
BRDA:14,0,1,10
BRDA:21,1,0,10
BRDA:21,1,1,9
BRF:4
BRH:4
end_of_record
TN:
SF:C:\DEVELOP\api\tfslib\src\core\disgregarfecha.ts
FN:9,disgregarFecha
FNF:1
FNH:1
FNDA:697,disgregarFecha
DA:1,1
DA:2,1
DA:9,1
DA:12,697
DA:15,697
DA:19,292
DA:20,292
DA:23,71
DA:24,71
DA:27,45
DA:28,45
DA:29,45
DA:30,45
DA:33,55
DA:34,55
DA:35,55
DA:37,55
DA:40,234
DA:41,234
DA:42,234
DA:43,234
DA:46,697
LF:22
LH:22
BRDA:17,0,0,292
BRDA:17,0,1,71
BRDA:17,0,2,45
BRDA:17,0,3,55
BRDA:17,0,4,234
BRF:5
BRH:5
end_of_record
TN:
SF:C:\DEVELOP\api\tfslib\src\core\formatearfecha.ts
FN:11,setFormatoFecha
FNF:1
FNH:1
FNDA:206,setFormatoFecha
DA:1,1
DA:2,1
DA:3,1
DA:11,1
DA:13,206
DA:14,206
DA:16,202
DA:17,202
DA:20,130
DA:21,2
DA:23,128
DA:24,2
DA:26,126
DA:27,2
DA:29,124
DA:30,2
DA:32,122
DA:33,121
DA:35,1
DA:38,20
DA:39,1
DA:41,19
DA:42,1
DA:44,18
DA:45,1
DA:47,17
DA:48,15
DA:50,2
DA:51,1
DA:53,1
DA:56,25
DA:57,1
DA:59,24
DA:60,1
DA:62,23
DA:63,1
DA:65,22
DA:66,20
DA:68,2
DA:69,1
DA:71,1
DA:74,27
DA:75,1
DA:77,26
DA:78,1
DA:80,25
DA:81,1
DA:83,24
DA:84,22
DA:86,2
DA:87,1
DA:89,1
LF:52
LH:52
BRDA:14,0,0,4
BRDA:14,0,1,202
BRDA:18,1,0,101
BRDA:18,1,1,130
BRDA:18,1,2,20
BRDA:18,1,3,25
BRDA:18,1,4,27
BRDA:20,2,0,2
BRDA:20,2,1,128
BRDA:23,3,0,2
BRDA:23,3,1,126
BRDA:26,4,0,2
BRDA:26,4,1,124
BRDA:29,5,0,2
BRDA:29,5,1,122
BRDA:32,6,0,121
BRDA:32,6,1,1
BRDA:38,7,0,1
BRDA:38,7,1,19
BRDA:41,8,0,1
BRDA:41,8,1,18
BRDA:44,9,0,1
BRDA:44,9,1,17
BRDA:47,10,0,15
BRDA:47,10,1,2
BRDA:50,11,0,1
BRDA:50,11,1,1
BRDA:56,12,0,1
BRDA:56,12,1,24
BRDA:59,13,0,1
BRDA:59,13,1,23
BRDA:62,14,0,1
BRDA:62,14,1,22
BRDA:65,15,0,20
BRDA:65,15,1,2
BRDA:68,16,0,1
BRDA:68,16,1,1
BRDA:74,17,0,1
BRDA:74,17,1,26
BRDA:77,18,0,1
BRDA:77,18,1,25
BRDA:80,19,0,1
BRDA:80,19,1,24
BRDA:83,20,0,22
BRDA:83,20,1,2
BRDA:86,21,0,1
BRDA:86,21,1,1
BRF:47
BRH:47
end_of_record
TN:
SF:C:\DEVELOP\api\tfslib\src\core\getformatofecha.ts
FN:9,getFormatoFecha
FNF:1
FNH:1
FNDA:1404,getFormatoFecha
DA:1,1
DA:2,1
DA:9,1
DA:12,1404
DA:13,1404
DA:14,1404
DA:16,1404
DA:18,638
DA:19,766
DA:21,332
DA:24,434
DA:25,160
DA:28,274
DA:29,103
DA:32,171
DA:33,171
DA:34,171
DA:35,171
DA:36,129
DA:39,42
LF:20
LH:20
BRDA:16,0,0,638
BRDA:16,0,1,766
BRDA:16,1,0,1404
BRDA:16,1,1,649
BRDA:16,1,2,643
BRDA:16,1,3,639
BRDA:16,1,4,639
BRDA:16,1,5,639
BRDA:16,1,6,638
BRDA:16,1,7,638
BRDA:16,1,8,638
BRDA:19,2,0,332
BRDA:19,2,1,434
BRDA:19,3,0,766
BRDA:19,3,1,333
BRDA:19,3,2,332
BRDA:19,3,3,332
BRDA:19,3,4,332
BRDA:19,3,5,332
BRDA:19,3,6,332
BRDA:19,3,7,332
BRDA:24,4,0,160
BRDA:24,4,1,274
BRDA:24,5,0,434
BRDA:24,5,1,171
BRDA:24,5,2,165
BRDA:24,5,3,161
BRDA:24,5,4,161
BRDA:24,5,5,161
BRDA:24,5,6,160
BRDA:24,5,7,160
BRDA:24,5,8,160
BRDA:28,6,0,103
BRDA:28,6,1,171
BRDA:28,7,0,274
BRDA:28,7,1,238
BRDA:28,7,2,233
BRDA:28,7,3,233
BRDA:28,7,4,232
BRDA:28,7,5,232
BRDA:28,7,6,114
BRDA:28,7,7,103
BRDA:35,8,0,129
BRDA:35,8,1,42
BRDA:35,9,0,171
BRDA:35,9,1,135
BRDA:35,9,2,130
BRDA:35,9,3,130
BRDA:35,9,4,130
BRDA:35,9,5,130
BRDA:35,9,6,129
BRDA:35,9,7,129
BRF:52
BRH:52
end_of_record
TN:
SF:C:\DEVELOP\api\tfslib\src\core\numeros.ts
FN:7,isNumero
FNF:1
FNH:1
FNDA:3839,isNumero
DA:7,1
DA:8,3839
LF:2
LH:2
BRDA:8,0,0,3839
BRDA:8,0,1,3833
BRF:2
BRH:2
end_of_record
TN:
SF:C:\DEVELOP\api\tfslib\src\core\proximafecha.ts
FN:12,addDias
FNF:1
FNH:1
FNDA:82,addDias
DA:1,1
DA:2,1
DA:3,1
DA:4,1
DA:5,1
DA:12,1
DA:14,82
DA:15,82
DA:17,78
DA:19,78
DA:20,78
DA:22,78
DA:23,78
DA:25,78
DA:28,44
DA:30,10
DA:32,5
DA:34,8
DA:36,11
LF:19
LH:19
BRDA:15,0,0,4
BRDA:15,0,1,78
BRDA:27,1,0,44
BRDA:27,1,1,10
BRDA:27,1,2,5
BRDA:27,1,3,8
BRDA:27,1,4,11
BRF:7
BRH:7
end_of_record
TN:
SF:C:\DEVELOP\api\tfslib\src\core\proximafechahabil.ts
FN:12,addDiasHabiles
FNF:1
FNH:1
FNDA:17,addDiasHabiles
DA:1,1
DA:2,1
DA:3,1
DA:4,1
DA:12,1
DA:14,17
DA:16,14
DA:17,14
DA:18,14
DA:19,14
DA:20,43
DA:21,43
DA:22,22
DA:24,43
DA:25,14
DA:27,29
LF:16
LH:16
BRDA:14,0,0,3
BRDA:14,0,1,14
BRDA:21,1,0,22
BRDA:21,1,1,21
BRDA:24,2,0,14
BRDA:24,2,1,29
BRF:6
BRH:6
end_of_record
TN:
SF:C:\DEVELOP\api\tfslib\src\core\restarfechas.ts
FN:13,restarFechas
FNF:1
FNH:1
FNDA:29,restarFechas
DA:1,1
DA:2,1
DA:3,1
DA:4,1
DA:13,1
DA:15,29
DA:16,29
DA:18,29
DA:19,11
DA:20,18
DA:21,5
DA:24,13
DA:26,10
DA:27,10
DA:29,10
DA:30,7
DA:31,7
DA:34,10
DA:36,10
DA:38,10
LF:20
LH:20
BRDA:18,0,0,11
BRDA:18,0,1,18
BRDA:20,1,0,5
BRDA:20,1,1,13
BRDA:24,2,0,3
BRDA:24,2,1,10
BRDA:29,3,0,7
BRDA:29,3,1,3
BRF:8
BRH:8
end_of_record
TN:
SF:C:\DEVELOP\api\tfslib\src\core\sumarmeses.ts
FN:13,addNmeses
FNF:1
FNH:1
FNDA:16,addNmeses
DA:1,1
DA:2,1
DA:3,1
DA:4,1
DA:5,1
DA:13,1
DA:15,16
DA:17,11
DA:18,11
DA:20,11
DA:21,11
DA:23,11
DA:24,11
DA:25,11
DA:28,7
DA:30,1
DA:32,1
DA:34,1
DA:36,1
LF:19
LH:19
BRDA:15,0,0,5
BRDA:15,0,1,11
BRDA:27,1,0,7
BRDA:27,1,1,1
BRDA:27,1,2,1
BRDA:27,1,3,1
BRDA:27,1,4,1
BRF:7
BRH:7
end_of_record
TN:
SF:C:\DEVELOP\api\tfslib\src\core\ultimodiames.ts
FN:12,getUltimoDiaMes
FNF:1
FNH:1
FNDA:31,getUltimoDiaMes
DA:1,1
DA:2,1
DA:3,1
DA:4,1
DA:5,1
DA:12,1
DA:14,31
DA:16,30
DA:17,30
DA:19,30
DA:21,30
DA:22,166
DA:23,4
DA:24,4
DA:25,162
DA:26,26
DA:27,26
DA:31,30
DA:34,30
DA:38,18
DA:39,18
DA:42,3
DA:43,3
DA:46,3
DA:47,3
DA:50,3
DA:51,3
DA:54,3
DA:55,3
DA:59,30
LF:30
LH:30
BRDA:14,0,0,1
BRDA:14,0,1,30
BRDA:22,1,0,4
BRDA:22,1,1,162
BRDA:22,2,0,166
BRDA:22,2,1,44
BRDA:25,3,0,26
BRDA:25,3,1,136
BRDA:36,4,0,18
BRDA:36,4,1,3
BRDA:36,4,2,3
BRDA:36,4,3,3
BRDA:36,4,4,3
BRF:13
BRH:13
end_of_record
TN:
SF:C:\DEVELOP\api\tfslib\src\core\validarfecha.ts
FN:11,validarFecha
FN:45,(anonymous_1)
FNF:2
FNH:2
FNDA:320,validarFecha
FNDA:3612,(anonymous_1)
DA:1,1
DA:2,1
DA:3,1
DA:4,1
DA:11,1
DA:13,320
DA:15,320
DA:16,9
DA:19,311
DA:20,311
DA:22,301
DA:24,301
DA:25,2
DA:28,301
DA:29,10
DA:32,301
DA:33,7
DA:36,301
DA:37,58
DA:38,58
DA:41,301
DA:42,7
DA:45,301
DA:46,3612
DA:47,12
DA:51,301
LF:26
LH:26
BRDA:15,0,0,9
BRDA:15,0,1,311
BRDA:20,1,0,10
BRDA:20,1,1,301
BRDA:24,2,0,2
BRDA:24,2,1,299
BRDA:24,3,0,301
BRDA:24,3,1,300
BRDA:28,4,0,10
BRDA:28,4,1,291
BRDA:28,5,0,301
BRDA:28,5,1,299
BRDA:32,6,0,7
BRDA:32,6,1,294
BRDA:32,7,0,301
BRDA:32,7,1,300
BRDA:36,8,0,58
BRDA:36,8,1,243
BRDA:37,9,0,6
BRDA:37,9,1,52
BRDA:37,10,0,58
BRDA:37,10,1,26
BRDA:38,11,0,3
BRDA:38,11,1,55
BRDA:38,12,0,58
BRDA:38,12,1,58
BRDA:41,13,0,7
BRDA:41,13,1,294
BRDA:41,14,0,301
BRDA:41,14,1,300
BRDA:46,15,0,12
BRDA:46,15,1,3600
BRDA:46,16,0,3612
BRDA:46,16,1,2916
BRDA:46,16,2,233
BRF:35
BRH:35
end_of_record
